#-----------------------------------------------------------
# Vivado v2024.2 (64-bit)
# SW Build 5239630 on Fri Nov 08 22:35:27 MST 2024
# IP Build 5239520 on Sun Nov 10 16:12:51 MST 2024
# SharedData Build 5239561 on Fri Nov 08 14:39:27 MST 2024
# Start of session at: Thu Jan  2 17:33:03 2025
# Process ID         : 9252
# Current directory  : C:/Users/Teodora/Desktop/Folder nou - 2p/project_bcd
# Command line       : vivado.exe -gui_launcher_event rodinguilauncherevent10604 C:\Users\Teodora\Desktop\Folder nou - 2p\project_bcd\project_bcd.xpr
# Log file           : C:/Users/Teodora/Desktop/Folder nou - 2p/project_bcd/vivado.log
# Journal file       : C:/Users/Teodora/Desktop/Folder nou - 2p/project_bcd\vivado.jou
# Running On         : DESKTOP-NTKK649
# Platform           : Windows Server 2016 or Windows 10
# Operating System   : 22631
# Processor Detail   : Intel(R) Core(TM) i7-1065G7 CPU @ 1.30GHz
# CPU Frequency      : 1498 MHz
# CPU Physical cores : 4
# CPU Logical cores  : 8
# Host memory        : 8386 MB
# Swap memory        : 5202 MB
# Total Virtual      : 13589 MB
# Available Virtual  : 1839 MB
#-----------------------------------------------------------
start_gui
open_project {C:/Users/Teodora/Desktop/Folder nou - 2p/project_bcd/project_bcd.xpr}
INFO: [filemgmt 56-3] Default IP Output Path : Could not find the directory 'C:/Users/Teodora/Desktop/Folder nou - 2p/project_bcd/project_bcd.gen/sources_1'.
Scanning sources...
Finished scanning sources
INFO: [IP_Flow 19-234] Refreshing IP repositories
INFO: [IP_Flow 19-1704] No user IP repositories specified
INFO: [IP_Flow 19-2313] Loaded Vivado IP repository 'D:/aplicatii/Vivado/2024.2/data/ip'.
open_project: Time (s): cpu = 00:00:20 ; elapsed = 00:00:12 . Memory (MB): peak = 1242.273 ; gain = 129.645
update_compile_order -fileset sources_1
exit
INFO: [Common 17-206] Exiting Vivado at Thu Jan  2 17:33:44 2025...
